{"C:\\formaciones\\skylab-coders\\202207\\week3\\entregas\\challenge-3\\ivan-garcia-david-arques\\src\\index.ts": {"path":"C:\\formaciones\\skylab-coders\\202207\\week3\\entregas\\challenge-3\\ivan-garcia-david-arques\\src\\index.ts","statementMap":{"0":{"start":{"line":1,"column":0},"end":{"line":1,"column":42}},"1":{"start":{"line":3,"column":0},"end":{"line":3,"column":21}}},"fnMap":{},"branchMap":{},"s":{"0":0,"1":0},"f":{},"b":{}}
,"C:\\formaciones\\skylab-coders\\202207\\week3\\entregas\\challenge-3\\ivan-garcia-david-arques\\src\\series.ts": {"path":"C:\\formaciones\\skylab-coders\\202207\\week3\\entregas\\challenge-3\\ivan-garcia-david-arques\\src\\series.ts","statementMap":{"0":{"start":{"line":3,"column":27},"end":{"line":57,"column":2}},"1":{"start":{"line":59,"column":0},"end":{"line":59,"column":22}}},"fnMap":{},"branchMap":{},"s":{"0":1,"1":1},"f":{},"b":{}}
,"C:\\formaciones\\skylab-coders\\202207\\week3\\entregas\\challenge-3\\ivan-garcia-david-arques\\src\\components\\App\\App.ts": {"path":"C:\\formaciones\\skylab-coders\\202207\\week3\\entregas\\challenge-3\\ivan-garcia-david-arques\\src\\components\\App\\App.ts","statementMap":{"0":{"start":{"line":2,"column":0},"end":{"line":2,"column":50}},"1":{"start":{"line":3,"column":0},"end":{"line":3,"column":57}},"2":{"start":{"line":7,"column":4},"end":{"line":7,"column":45}},"3":{"start":{"line":6,"column":22},"end":{"line":6,"column":35}},"4":{"start":{"line":8,"column":4},"end":{"line":8,"column":23}},"5":{"start":{"line":10,"column":4},"end":{"line":10,"column":30}},"6":{"start":{"line":11,"column":4},"end":{"line":11,"column":28}},"7":{"start":{"line":15,"column":28},"end":{"line":15,"column":60}},"8":{"start":{"line":16,"column":4},"end":{"line":16,"column":46}},"9":{"start":{"line":17,"column":4},"end":{"line":17,"column":46}},"10":{"start":{"line":19,"column":24},"end":{"line":19,"column":52}},"11":{"start":{"line":20,"column":4},"end":{"line":20,"column":41}},"12":{"start":{"line":21,"column":4},"end":{"line":21,"column":45}},"13":{"start":{"line":22,"column":4},"end":{"line":22,"column":41}},"14":{"start":{"line":26,"column":26},"end":{"line":26,"column":56}},"15":{"start":{"line":27,"column":4},"end":{"line":27,"column":37}},"16":{"start":{"line":28,"column":4},"end":{"line":28,"column":44}},"17":{"start":{"line":30,"column":29},"end":{"line":30,"column":62}},"18":{"start":{"line":31,"column":4},"end":{"line":31,"column":42}},"19":{"start":{"line":32,"column":4},"end":{"line":32,"column":48}},"20":{"start":{"line":34,"column":34},"end":{"line":34,"column":62}},"21":{"start":{"line":35,"column":4},"end":{"line":35,"column":54}},"22":{"start":{"line":36,"column":4},"end":{"line":36,"column":56}},"23":{"start":{"line":37,"column":4},"end":{"line":37,"column":54}},"24":{"start":{"line":39,"column":4},"end":{"line":45,"column":6}},"25":{"start":{"line":47,"column":24},"end":{"line":47,"column":57}},"26":{"start":{"line":48,"column":4},"end":{"line":48,"column":45}},"27":{"start":{"line":49,"column":4},"end":{"line":49,"column":46}},"28":{"start":{"line":50,"column":4},"end":{"line":56,"column":6}},"29":{"start":{"line":59,"column":0},"end":{"line":59,"column":19}}},"fnMap":{"0":{"name":"(anonymous_1)","decl":{"start":{"line":6,"column":2},"end":{"line":6,"column":22}},"loc":{"start":{"line":6,"column":35},"end":{"line":12,"column":3}}},"1":{"name":"(anonymous_2)","decl":{"start":{"line":14,"column":2},"end":{"line":14,"column":20}},"loc":{"start":{"line":14,"column":20},"end":{"line":23,"column":3}}},"2":{"name":"(anonymous_3)","decl":{"start":{"line":25,"column":2},"end":{"line":25,"column":18}},"loc":{"start":{"line":25,"column":18},"end":{"line":57,"column":3}}}},"branchMap":{},"s":{"0":0,"1":0,"2":0,"3":0,"4":0,"5":0,"6":0,"7":0,"8":0,"9":0,"10":0,"11":0,"12":0,"13":0,"14":0,"15":0,"16":0,"17":0,"18":0,"19":0,"20":0,"21":0,"22":0,"23":0,"24":0,"25":0,"26":0,"27":0,"28":0,"29":0},"f":{"0":0,"1":0,"2":0},"b":{}}
,"C:\\formaciones\\skylab-coders\\202207\\week3\\entregas\\challenge-3\\ivan-garcia-david-arques\\src\\components\\Component\\Component.ts": {"path":"C:\\formaciones\\skylab-coders\\202207\\week3\\entregas\\challenge-3\\ivan-garcia-david-arques\\src\\components\\Component\\Component.ts","statementMap":{"0":{"start":{"line":7,"column":4},"end":{"line":7,"column":47}},"1":{"start":{"line":8,"column":4},"end":{"line":8,"column":39}},"2":{"start":{"line":9,"column":4},"end":{"line":13,"column":null}},"3":{"start":{"line":10,"column":6},"end":{"line":10,"column":40}},"4":{"start":{"line":12,"column":6},"end":{"line":12,"column":39}},"5":{"start":{"line":17,"column":0},"end":{"line":17,"column":25}}},"fnMap":{"0":{"name":"(anonymous_0)","decl":{"start":{"line":6,"column":2},"end":{"line":6,"column":14}},"loc":{"start":{"line":6,"column":65},"end":{"line":14,"column":3}}}},"branchMap":{"0":{"loc":{"start":{"line":9,"column":4},"end":{"line":13,"column":null}},"type":"if","locations":[{"start":{"line":9,"column":4},"end":{"line":13,"column":null}},{"start":{"line":11,"column":11},"end":{"line":13,"column":null}}]}},"s":{"0":4,"1":4,"2":4,"3":1,"4":3,"5":2},"f":{"0":4},"b":{"0":[1,3]}}
,"C:\\formaciones\\skylab-coders\\202207\\week3\\entregas\\challenge-3\\ivan-garcia-david-arques\\src\\components\\FilmCard\\FilmCard.ts": {"path":"C:\\formaciones\\skylab-coders\\202207\\week3\\entregas\\challenge-3\\ivan-garcia-david-arques\\src\\components\\FilmCard\\FilmCard.ts","statementMap":{"0":{"start":{"line":1,"column":0},"end":{"line":1,"column":50}},"1":{"start":{"line":6,"column":4},"end":{"line":6,"column":33}},"2":{"start":{"line":5,"column":43},"end":{"line":5,"column":61}},"3":{"start":{"line":7,"column":4},"end":{"line":7,"column":18}},"4":{"start":{"line":11,"column":4},"end":{"line":11,"column":20}},"5":{"start":{"line":12,"column":4},"end":{"line":12,"column":20}},"6":{"start":{"line":16,"column":16},"end":{"line":16,"column":45}},"7":{"start":{"line":17,"column":4},"end":{"line":17,"column":36}},"8":{"start":{"line":18,"column":4},"end":{"line":18,"column":45}},"9":{"start":{"line":19,"column":4},"end":{"line":19,"column":35}},"10":{"start":{"line":20,"column":4},"end":{"line":20,"column":34}},"11":{"start":{"line":24,"column":18},"end":{"line":24,"column":46}},"12":{"start":{"line":25,"column":4},"end":{"line":25,"column":37}},"13":{"start":{"line":26,"column":4},"end":{"line":26,"column":48}},"14":{"start":{"line":27,"column":4},"end":{"line":27,"column":36}},"15":{"start":{"line":29,"column":21},"end":{"line":29,"column":48}},"16":{"start":{"line":30,"column":4},"end":{"line":30,"column":39}},"17":{"start":{"line":31,"column":4},"end":{"line":31,"column":78}},"18":{"start":{"line":32,"column":4},"end":{"line":32,"column":39}},"19":{"start":{"line":36,"column":0},"end":{"line":36,"column":24}}},"fnMap":{"0":{"name":"(anonymous_1)","decl":{"start":{"line":5,"column":2},"end":{"line":5,"column":14}},"loc":{"start":{"line":5,"column":61},"end":{"line":8,"column":3}}},"1":{"name":"(anonymous_2)","decl":{"start":{"line":10,"column":2},"end":{"line":10,"column":8}},"loc":{"start":{"line":10,"column":8},"end":{"line":13,"column":3}}},"2":{"name":"(anonymous_3)","decl":{"start":{"line":15,"column":2},"end":{"line":15,"column":10}},"loc":{"start":{"line":15,"column":10},"end":{"line":21,"column":3}}},"3":{"name":"(anonymous_4)","decl":{"start":{"line":23,"column":2},"end":{"line":23,"column":10}},"loc":{"start":{"line":23,"column":10},"end":{"line":33,"column":3}}}},"branchMap":{},"s":{"0":1,"1":2,"2":2,"3":2,"4":2,"5":2,"6":2,"7":2,"8":2,"9":2,"10":2,"11":2,"12":2,"13":2,"14":2,"15":2,"16":2,"17":2,"18":2,"19":1},"f":{"0":2,"1":2,"2":2,"3":2},"b":{}}
,"C:\\formaciones\\skylab-coders\\202207\\week3\\entregas\\challenge-3\\ivan-garcia-david-arques\\src\\components\\SectionList\\SectionList.ts": {"path":"C:\\formaciones\\skylab-coders\\202207\\week3\\entregas\\challenge-3\\ivan-garcia-david-arques\\src\\components\\SectionList\\SectionList.ts","statementMap":{"0":{"start":{"line":1,"column":0},"end":{"line":1,"column":37}},"1":{"start":{"line":2,"column":0},"end":{"line":2,"column":50}},"2":{"start":{"line":3,"column":0},"end":{"line":3,"column":47}},"3":{"start":{"line":14,"column":4},"end":{"line":14,"column":40}},"4":{"start":{"line":10,"column":12},"end":{"line":10,"column":25}},"5":{"start":{"line":11,"column":12},"end":{"line":11,"column":24}},"6":{"start":{"line":12,"column":12},"end":{"line":12,"column":29}},"7":{"start":{"line":16,"column":4},"end":{"line":16,"column":23}},"8":{"start":{"line":17,"column":4},"end":{"line":17,"column":21}},"9":{"start":{"line":19,"column":4},"end":{"line":19,"column":25}},"10":{"start":{"line":23,"column":27},"end":{"line":23,"column":55}},"11":{"start":{"line":24,"column":4},"end":{"line":24,"column":50}},"12":{"start":{"line":25,"column":4},"end":{"line":25,"column":45}},"13":{"start":{"line":26,"column":4},"end":{"line":26,"column":44}},"14":{"start":{"line":28,"column":29},"end":{"line":28,"column":56}},"15":{"start":{"line":29,"column":4},"end":{"line":29,"column":40}},"16":{"start":{"line":30,"column":4},"end":{"line":30,"column":47}},"17":{"start":{"line":31,"column":4},"end":{"line":31,"column":45}},"18":{"start":{"line":33,"column":24},"end":{"line":33,"column":52}},"19":{"start":{"line":34,"column":4},"end":{"line":34,"column":60}},"20":{"start":{"line":35,"column":4},"end":{"line":35,"column":42}},"21":{"start":{"line":36,"column":4},"end":{"line":36,"column":41}},"22":{"start":{"line":37,"column":4},"end":{"line":37,"column":41}},"23":{"start":{"line":38,"column":4},"end":{"line":38,"column":41}},"24":{"start":{"line":39,"column":4},"end":{"line":39,"column":41}},"25":{"start":{"line":42,"column":0},"end":{"line":42,"column":28}}},"fnMap":{"0":{"name":"(anonymous_1)","decl":{"start":{"line":7,"column":2},"end":{"line":7,"column":null}},"loc":{"start":{"line":12,"column":29},"end":{"line":20,"column":3}}},"1":{"name":"(anonymous_2)","decl":{"start":{"line":22,"column":2},"end":{"line":22,"column":15}},"loc":{"start":{"line":22,"column":15},"end":{"line":40,"column":3}}}},"branchMap":{},"s":{"0":0,"1":0,"2":0,"3":0,"4":0,"5":0,"6":0,"7":0,"8":0,"9":0,"10":0,"11":0,"12":0,"13":0,"14":0,"15":0,"16":0,"17":0,"18":0,"19":0,"20":0,"21":0,"22":0,"23":0,"24":0,"25":0},"f":{"0":0,"1":0},"b":{}}
}
